<?xml version="1.0" encoding="UTF-8"?>
<testsuite name="org.pdc.TodayScience.test" tests="1" skipped="0" failures="0" errors="0" timestamp="2021-04-03T13:23:00" hostname="bagdongcheol-ui-MacBookAir.local" time="0.082">
  <properties/>
  <testcase name="run()" classname="org.pdc.TodayScience.test" time="0.082"/>
  <system-out><![CDATA[]]></system-out>
  <system-err><![CDATA[]]></system-err>
</testsuite>
